<?xml version="1.0" encoding="UTF-8" ?>
<testsuite tests="27" failures="0" name="com.fincatto.documentofiscal.nfe400.classes.nota.NFNotaInfoItemImpostoICMS90Test" time="0" errors="0" skipped="0">
  <properties>
    <property name="java.runtime.name" value="Java(TM) SE Runtime Environment"/>
    <property name="java.vm.version" value="11.0.17+10-LTS-269"/>
    <property name="sun.boot.library.path" value="C:\Program Files\Java\jdk-11.0.17\bin"/>
    <property name="maven.multiModuleProjectDirectory" value="C:\Users\danie\OneDrive\Desktop\progetto modelli\nfe"/>
    <property name="java.vm.vendor" value="Oracle Corporation"/>
    <property name="java.vendor.url" value="https://openjdk.java.net/"/>
    <property name="guice.disable.misplaced.annotation.check" value="true"/>
    <property name="path.separator" value=";"/>
    <property name="java.vm.name" value="Java HotSpot(TM) 64-Bit Server VM"/>
    <property name="sun.os.patch.level" value=""/>
    <property name="user.script" value=""/>
    <property name="user.country" value="IT"/>
    <property name="sun.java.launcher" value="SUN_STANDARD"/>
    <property name="java.vm.specification.name" value="Java Virtual Machine Specification"/>
    <property name="user.dir" value="C:\Users\danie\OneDrive\Desktop\progetto modelli\nfe"/>
    <property name="java.vm.compressedOopsMode" value="32-bit"/>
    <property name="java.runtime.version" value="11.0.17+10-LTS-269"/>
    <property name="java.awt.graphicsenv" value="sun.awt.Win32GraphicsEnvironment"/>
    <property name="os.arch" value="amd64"/>
    <property name="java.io.tmpdir" value="C:\Users\danie\AppData\Local\Temp\"/>
    <property name="line.separator" value="
"/>
    <property name="java.vm.specification.vendor" value="Oracle Corporation"/>
    <property name="user.variant" value=""/>
    <property name="os.name" value="Windows 10"/>
    <property name="classworlds.conf" value="C:\Program Files (x86)\Apache\apache-maven-3.8.6\bin\m2.conf"/>
    <property name="sun.jnu.encoding" value="Cp1252"/>
    <property name="java.library.path" value="C:\Program Files\Java\jdk-11.0.17\bin;C:\WINDOWS\Sun\Java\bin;C:\WINDOWS\system32;C:\WINDOWS;C:\Program Files\Common Files\Oracle\Java\javapath;C:\Program Files (x86)\Common Files\Oracle\Java\javapath;C:\WINDOWS\system32;C:\WINDOWS;C:\WINDOWS\System32\Wbem;C:\WINDOWS\System32\WindowsPowerShell\v1.0\;C:\WINDOWS\System32\OpenSSH\;C:\Strawberry\c\bin;C:\Strawberry\perl\site\bin;C:\Strawberry\perl\bin;C:\Program Files\Git\cmd;C:\Program Files (x86)\Apache\apache-maven-3.8.6\bin;C:\Program Files\Java\jdk-11.0.17\bin;C:\Users\danie\AppData\Local\Microsoft\WindowsApps;;."/>
    <property name="maven.conf" value="C:\Program Files (x86)\Apache\apache-maven-3.8.6/conf"/>
    <property name="jdk.debug" value="release"/>
    <property name="java.class.version" value="55.0"/>
    <property name="java.specification.name" value="Java Platform API Specification"/>
    <property name="sun.management.compiler" value="HotSpot 64-Bit Tiered Compilers"/>
    <property name="os.version" value="10.0"/>
    <property name="library.jansi.path" value="C:\Program Files (x86)\Apache\apache-maven-3.8.6\lib\jansi-native"/>
    <property name="user.home" value="C:\Users\danie"/>
    <property name="user.timezone" value="Europe/Berlin"/>
    <property name="java.awt.printerjob" value="sun.awt.windows.WPrinterJob"/>
    <property name="file.encoding" value="Cp1252"/>
    <property name="java.specification.version" value="11"/>
    <property name="sonar.projectKey" value="com.github.wmixvideo:nfe3"/>
    <property name="user.name" value="Daniel"/>
    <property name="java.class.path" value="C:\Program Files (x86)\Apache\apache-maven-3.8.6\boot\plexus-classworlds-2.6.0.jar"/>
    <property name="java.vm.specification.version" value="11"/>
    <property name="sun.arch.data.model" value="64"/>
    <property name="sun.java.command" value="org.codehaus.plexus.classworlds.launcher.Launcher verify org.sonarsource.scanner.maven:sonar-maven-plugin:sonar -Dsonar.projectKey=com.github.wmixvideo:nfe3"/>
    <property name="java.home" value="C:\Program Files\Java\jdk-11.0.17"/>
    <property name="user.language" value="it"/>
    <property name="java.specification.vendor" value="Oracle Corporation"/>
    <property name="awt.toolkit" value="sun.awt.windows.WToolkit"/>
    <property name="java.vm.info" value="mixed mode"/>
    <property name="java.version" value="11.0.17"/>
    <property name="java.vendor" value="Oracle Corporation"/>
    <property name="sun.stderr.encoding" value="cp850"/>
    <property name="maven.home" value="C:\Program Files (x86)\Apache\apache-maven-3.8.6"/>
    <property name="file.separator" value="\"/>
    <property name="java.version.date" value="2022-10-18"/>
    <property name="java.vendor.url.bug" value="https://bugreport.java.com/bugreport/"/>
    <property name="sun.io.unicode.encoding" value="UnicodeLittle"/>
    <property name="sun.cpu.endian" value="little"/>
    <property name="java.vendor.version" value="18.9"/>
    <property name="sun.stdout.encoding" value="cp850"/>
    <property name="sun.desktop" value="windows"/>
    <property name="sun.cpu.isalist" value="amd64"/>
  </properties>
  <testcase classname="com.fincatto.documentofiscal.nfe400.classes.nota.NFNotaInfoItemImpostoICMS90Test" name="naoDevePermitirValorZeradoParaPercentualFundoCombatePobrezaST" time="0"/>
  <testcase classname="com.fincatto.documentofiscal.nfe400.classes.nota.NFNotaInfoItemImpostoICMS90Test" name="naoDevePermitirPercentualAliquotaImpostoICMSST" time="0"/>
  <testcase classname="com.fincatto.documentofiscal.nfe400.classes.nota.NFNotaInfoItemImpostoICMS90Test" name="naoDevePermitirValorZeradoParaPercentualFundoCombatePobreza" time="0"/>
  <testcase classname="com.fincatto.documentofiscal.nfe400.classes.nota.NFNotaInfoItemImpostoICMS90Test" name="naoDevePermitirValorBCTamanhoInvalido" time="0"/>
  <testcase classname="com.fincatto.documentofiscal.nfe400.classes.nota.NFNotaInfoItemImpostoICMS90Test" name="naoDevePermitirPercentualReducaoBCICMSST" time="0"/>
  <testcase classname="com.fincatto.documentofiscal.nfe400.classes.nota.NFNotaInfoItemImpostoICMS90Test" name="devePermitirValorBCSTNulo" time="0"/>
  <testcase classname="com.fincatto.documentofiscal.nfe400.classes.nota.NFNotaInfoItemImpostoICMS90Test" name="devePermitirValorBCNulo" time="0"/>
  <testcase classname="com.fincatto.documentofiscal.nfe400.classes.nota.NFNotaInfoItemImpostoICMS90Test" name="devePermitirPercentualReducaoBCICMSSTNulo" time="0"/>
  <testcase classname="com.fincatto.documentofiscal.nfe400.classes.nota.NFNotaInfoItemImpostoICMS90Test" name="devePermitirPercentualAliquotaNulo" time="0"/>
  <testcase classname="com.fincatto.documentofiscal.nfe400.classes.nota.NFNotaInfoItemImpostoICMS90Test" name="devePermitirICMSDesoneracaoNulo" time="0"/>
  <testcase classname="com.fincatto.documentofiscal.nfe400.classes.nota.NFNotaInfoItemImpostoICMS90Test" name="devePermitirPercentualMargemValorAdicionadoICMSSTNulo" time="0"/>
  <testcase classname="com.fincatto.documentofiscal.nfe400.classes.nota.NFNotaInfoItemImpostoICMS90Test" name="naoDevePermitirPercentualReducaoBC" time="0"/>
  <testcase classname="com.fincatto.documentofiscal.nfe400.classes.nota.NFNotaInfoItemImpostoICMS90Test" name="devePermitirValorTributoNulo" time="0"/>
  <testcase classname="com.fincatto.documentofiscal.nfe400.classes.nota.NFNotaInfoItemImpostoICMS90Test" name="devePermitirPercentualReducaoBCNulo" time="0"/>
  <testcase classname="com.fincatto.documentofiscal.nfe400.classes.nota.NFNotaInfoItemImpostoICMS90Test" name="naoDevePermitirPercentualMargemValorAdicionadoICMSST" time="0"/>
  <testcase classname="com.fincatto.documentofiscal.nfe400.classes.nota.NFNotaInfoItemImpostoICMS90Test" name="devePermitirModalidadeDeterminacaoBCICMSSTNulo" time="0"/>
  <testcase classname="com.fincatto.documentofiscal.nfe400.classes.nota.NFNotaInfoItemImpostoICMS90Test" name="devePermitirModalidadeBCNulo" time="0"/>
  <testcase classname="com.fincatto.documentofiscal.nfe400.classes.nota.NFNotaInfoItemImpostoICMS90Test" name="naoDevePermitirPercentualAliquota" time="0"/>
  <testcase classname="com.fincatto.documentofiscal.nfe400.classes.nota.NFNotaInfoItemImpostoICMS90Test" name="naoDevePermitirSituacaoTributariaNulo" time="0"/>
  <testcase classname="com.fincatto.documentofiscal.nfe400.classes.nota.NFNotaInfoItemImpostoICMS90Test" name="naoDevePermitirValorBCSTTamanhoInvalido" time="0"/>
  <testcase classname="com.fincatto.documentofiscal.nfe400.classes.nota.NFNotaInfoItemImpostoICMS90Test" name="deveGerarXMLDeAcordoComOPadraoEstabelecido" time="0"/>
  <testcase classname="com.fincatto.documentofiscal.nfe400.classes.nota.NFNotaInfoItemImpostoICMS90Test" name="devePermitirPercentualAliquotaImpostoICMSSTNulo" time="0"/>
  <testcase classname="com.fincatto.documentofiscal.nfe400.classes.nota.NFNotaInfoItemImpostoICMS90Test" name="naoDevePermitirOrigemNulo" time="0"/>
  <testcase classname="com.fincatto.documentofiscal.nfe400.classes.nota.NFNotaInfoItemImpostoICMS90Test" name="naoDevePermitirValorTributoTamanhoInvalido" time="0"/>
  <testcase classname="com.fincatto.documentofiscal.nfe400.classes.nota.NFNotaInfoItemImpostoICMS90Test" name="naoDevePermitirValorICMSSTTamanhoInvalido" time="0"/>
  <testcase classname="com.fincatto.documentofiscal.nfe400.classes.nota.NFNotaInfoItemImpostoICMS90Test" name="devePermitirValorICMSSTNulo" time="0"/>
  <testcase classname="com.fincatto.documentofiscal.nfe400.classes.nota.NFNotaInfoItemImpostoICMS90Test" name="devePermitirDenoracaoNulo" time="0"/>
</testsuite>